Script started on 2026-01-28 10:19:49+02:00 [COMMAND="cat "/tmp/rovodev_prompt_with_mode_11036_1.md" | acli rovodev run --config-file /tmp/rovodev_config_11036_1769588384.yml --yolo 2> >(bash /home/grafe/code/brain/workers/shared/filter_acli_errors.sh >&2)" TERM="xterm-256color" TTY="/dev/pts/2" COLUMNS="103" LINES="54"]
]11;?\[6n[?25l[32mâ ‹[0m Loading Rovo Dev...
[2K[1A[2K[32mâ ™[0m Loading Rovo Dev...
[2K[1A[2K[32mâ ¹[0m Loading Rovo Dev...
[2K[1A[2K[32mâ ¸[0m Loading Rovo Dev...
[2K[1A[2K[32mâ ¼[0m Loading Rovo Dev...
[2K[1A[2K[32mâ ´[0m Loading Rovo Dev...
[2K[1A[2K[32mâ ¦[0m Loading Rovo Dev...
[2K[1A[2K[32mâ §[0m Loading Rovo Dev...
[2K[1A[2K[32mâ ‡[0m Loading Rovo Dev...
[2K[1A[2K[32mâ ‹[0m Loading Rovo Dev...
[2K[1A[2K[32mâ ™[0m Loading Rovo Dev...
[2K[1A[2K[32mâ ¹[0m Loading Rovo Dev...
[2K[1A[2K[32mâ ¸[0m Loading Rovo Dev...
[2K[1A[2K[32mâ ¼[0m Loading Rovo Dev...
[2K[1A[2K[32mâ ´[0m Loading Rovo Dev...
[2K[1A[2K[32mâ ¦[0m Loading Rovo Dev...
[2K[1A[2K[32mâ §[0m Loading Rovo Dev...
[2K[1A[2K[32mâ ‡[0m Loading Rovo Dev...
[2K[1A[2K[32mâ [0m Loading Rovo Dev...
[2K[1A[2K[32mâ ‹[0m Loading Rovo Dev...
[2K[1A[2K[32mâ ™[0m Loading Rovo Dev...
[2K[1A[2K[32mâ ¸[0m Loading Rovo Dev...
[2K[1A[2K[32mâ ¼[0m Loading Rovo Dev...
[2K[1A[2K[32mâ ´[0m Loading Rovo Dev...
[2K[1A[2K[32mâ ¦[0m Loading Rovo Dev...
[2K[1A[2K[32mâ §[0m Loading Rovo Dev...
[2K[1A[2K[32mâ ‡[0m Loading Rovo Dev...
[2K[1A[2K[32mâ [0m Loading Rovo Dev...
[2K[1A[2K[32mâ ‹[0m Loading Rovo Dev...
[2K[1A[2K[32mâ ™[0m Loading Rovo Dev...
[2K[1A[2K[32mâ ¹[0m Loading Rovo Dev...

[?25h[1A[2K[1A[2K
[32mâ”€â”€â”€â”€â”€â”€â”€â”€â”€â”€â”€â”€â”€â”€â”€â”€â”€â”€â”€â”€â”€â”€â”€â”€â”€â”€â”€â”€â”€â”€â”€â”€â”€â”€â”€â”€â”€â”€â”€â”€â”€â”€â”€â”€â”€â”€â”€â”€â”€â”€â”€â”€â”€â”€â”€â”€â”€â”€â”€â”€â”€â”€â”€â”€â”€â”€â”€â”€â”€â”€â”€â”€â”€â”€â”€â”€â”€â”€â”€â”€â”€â”€â”€â”€â”€â”€â”€â”€â”€â”€â”€â”€â”€â”€â”€â”€â”€â”€â”€â”€â”€â”€â”€[0m
[1mEvent hooks are now available in Rovo Dev CLI![0m ğŸš€

Run shell commands at points in an agent's lifecycle. ]8;id=403462;https://www.atlassian.com/blog/developer/streamline-rovo-dev-cli-with-event-hooks\[1;34mGet started with event hooks[0m]8;;\
[32mâ”€â”€â”€â”€â”€â”€â”€â”€â”€â”€â”€â”€â”€â”€â”€â”€â”€â”€â”€â”€â”€â”€â”€â”€â”€â”€â”€â”€â”€â”€â”€â”€â”€â”€â”€â”€â”€â”€â”€â”€â”€â”€â”€â”€â”€â”€â”€â”€â”€â”€â”€â”€â”€â”€â”€â”€â”€â”€â”€â”€â”€â”€â”€â”€â”€â”€â”€â”€â”€â”€â”€â”€â”€â”€â”€â”€â”€â”€â”€â”€â”€â”€â”€â”€â”€â”€â”€â”€â”€â”€â”€â”€â”€â”€â”€â”€â”€â”€â”€â”€â”€â”€â”€[0m

[32mâ”€â”€â”€â”€â”€â”€â”€â”€â”€â”€â”€â”€â”€â”€â”€â”€â”€â”€â”€â”€â”€â”€â”€â”€â”€â”€â”€â”€â”€â”€â”€â”€â”€â”€â”€â”€â”€â”€â”€â”€â”€â”€â”€â”€â”€â”€â”€â”€â”€â”€â”€â”€â”€â”€â”€â”€â”€â”€â”€â”€â”€â”€â”€â”€â”€â”€â”€â”€â”€â”€â”€â”€â”€â”€â”€â”€â”€â”€â”€â”€â”€â”€â”€â”€â”€â”€â”€â”€â”€â”€â”€â”€â”€â”€â”€â”€â”€â”€â”€â”€â”€â”€â”€[0m
Help shape the future of Rovo Dev. Fill out the survey and take part in a short interview to earn a 
gift card.

https://go.atlassian.com/rovodevresearch
[32mâ”€â”€â”€â”€â”€â”€â”€â”€â”€â”€â”€â”€â”€â”€â”€â”€â”€â”€â”€â”€â”€â”€â”€â”€â”€â”€â”€â”€â”€â”€â”€â”€â”€â”€â”€â”€â”€â”€â”€â”€â”€â”€â”€â”€â”€â”€â”€â”€â”€â”€â”€â”€â”€â”€â”€â”€â”€â”€â”€â”€â”€â”€â”€â”€â”€â”€â”€â”€â”€â”€â”€â”€â”€â”€â”€â”€â”€â”€â”€â”€â”€â”€â”€â”€â”€â”€â”€â”€â”€â”€â”€â”€â”€â”€â”€â”€â”€â”€â”€â”€â”€â”€â”€[0m
Working in [1;32m/home/grafe/code/[0m[1;32mbrain[0m

[?2004h[?25l[32mâœ”[0m [90mLoaded memory from AGENTS.md[0m
[32mâ ‹[0m [90mCreating agent...[0m [2m(ctrl+c to cancel)[0m
[2K[1A[2K[32mâœ”[0m [90mUsing model: auto[0m
[32mâ ‹[0m [90mCreating agent...[0m [2m(ctrl+c to cancel)[0m
[2K[1A[2K[32mâ ‹[0m [90mStarting MCP servers: 1/3[0m [2m(ctrl+c to cancel)[0m
[2K[1A[2K[32mâ ™[0m [90mStarting MCP servers: 1/3[0m [2m(ctrl+c to cancel)[0m
[2K[1A[2K[32mâ ¹[0m [90mStarting MCP servers: 1/3[0m [2m(ctrl+c to cancel)[0m
[2K[1A[2K[32mâ ¸[0m [90mStarting MCP servers: 1/3[0m [2m(ctrl+c to cancel)[0m
[2K[1A[2K[32mâ ¼[0m [90mStarting MCP servers: 1/3[0m [2m(ctrl+c to cancel)[0m
[2K[1A[2K[32mâ ´[0m [90mStarting MCP servers: 1/3[0m [2m(ctrl+c to cancel)[0m
[2K[1A[2K[32mâ ¦[0m [90mStarting MCP servers: 1/3[0m [2m(ctrl+c to cancel)[0m
[2K[1A[2K[32mâ §[0m [90mStarting MCP servers: 1/3[0m [2m(ctrl+c to cancel)[0m
[2K[1A[2K[32mâ ‡[0m [90mStarting MCP servers: 1/3[0m [2m(ctrl+c to cancel)[0m
[2K[1A[2K[32mâ [0m [90mStarting MCP servers: 1/3[0m [2m(ctrl+c to cancel)[0m
[2K[1A[2K[32mâ ‹[0m [90mStarting MCP servers: 1/3[0m [2m(ctrl+c to cancel)[0m
[2K[1A[2K[32mâ ™[0m [90mStarting MCP servers: 1/3[0m [2m(ctrl+c to cancel)[0m
[2K[1A[2K[32mâ ¹[0m [90mStarting MCP servers: 1/3[0m [2m(ctrl+c to cancel)[0m
[2K[1A[2K[32mâ ¸[0m [90mStarting MCP servers: 2/3[0m [2m(ctrl+c to cancel)[0m
[2K[1A[2K[32mâœ”[0m [90mStarted [0m[1;90m3[0m[90m MCP servers[0m
  [2K  
[?25h[1A[2K^C[?25l
[32mâ£¾[0m Interrupting... ctrl+c again to force[2K[1A[2K
[32mâ£½[0m Interrupting... ctrl+c again to force[2K[1A[2KError parsing SSE message
Traceback (most recent call last):
  File "mcp/client/streamable_http.py", line 176, in _handle_sse_event
  File "anyio/streams/memory.py", line 243, in send
  File "anyio/streams/memory.py", line 212, in send_nowait
anyio.ClosedResourceError

[32mâ£½[0m Interrupting... ctrl+c again to force[2K[1A[2KError reading SSE stream:
Traceback (most recent call last):
  File "mcp/client/streamable_http.py", line 176, in _handle_sse_event
  File "anyio/streams/memory.py", line 243, in send
  File "anyio/streams/memory.py", line 212, in send_nowait
anyio.ClosedResourceError

During handling of the above exception, another exception occurred:

Traceback (most recent call last):
  File "mcp/client/streamable_http.py", line 329, in _handle_sse_response
  File "mcp/client/streamable_http.py", line 188, in _handle_sse_event
  File "anyio/streams/memory.py", line 243, in send
  File "anyio/streams/memory.py", line 212, in send_nowait
anyio.ClosedResourceError

[32mâ£½[0m Interrupting... ctrl+c again to force^C[2K[1A[2K
[32mâ£½[0m Interrupting... ctrl+c again to force
[?25h[1A[2K[1A[2K
[33mâš [0m Agent interrupted
^C^C
[33mâš [0m Agent interrupted
^C
[33mâš [0m Agent interrupted

Script done on 2026-01-28 10:20:03+02:00 [COMMAND_EXIT_CODE="141"]
:::TOOL_END::: id=3aac7485-c0fe-45e2-82d9-205e6325fcdd result=PASS exit=0 duration_ms=13720 ts=2026-01-28T08:20:03Z
:::VERIFIER_ENV::: iter=1 ts=1769588403 run_id=1769588403-11036
